[2024-11-07T10:52:11.209+0000] {processor.py:186} INFO - Started process (PID=56) to work on /opt/airflow/dags/HDFS_pipeline_DAG.py
[2024-11-07T10:52:11.215+0000] {processor.py:914} INFO - Processing file /opt/airflow/dags/HDFS_pipeline_DAG.py for tasks to queue
[2024-11-07T10:52:11.233+0000] {logging_mixin.py:190} INFO - [2024-11-07T10:52:11.230+0000] {dagbag.py:588} INFO - Filling up the DagBag from /opt/airflow/dags/HDFS_pipeline_DAG.py
[2024-11-07T10:52:11.716+0000] {processor.py:925} INFO - DAG(s) 'First_dag_03' retrieved from /opt/airflow/dags/HDFS_pipeline_DAG.py
[2024-11-07T10:52:12.354+0000] {logging_mixin.py:190} INFO - [2024-11-07T10:52:12.354+0000] {dag.py:3239} INFO - Sync 1 DAGs
[2024-11-07T10:52:12.437+0000] {logging_mixin.py:190} INFO - [2024-11-07T10:52:12.437+0000] {dag.py:4180} INFO - Setting next_dagrun for First_dag_03 to 2024-09-08 02:00:00+00:00, run_after=2024-09-08 02:01:00+00:00
[2024-11-07T10:52:12.647+0000] {processor.py:208} INFO - Processing /opt/airflow/dags/HDFS_pipeline_DAG.py took 1.482 seconds
[2024-11-07T10:52:43.613+0000] {processor.py:186} INFO - Started process (PID=66) to work on /opt/airflow/dags/HDFS_pipeline_DAG.py
[2024-11-07T10:52:43.638+0000] {processor.py:914} INFO - Processing file /opt/airflow/dags/HDFS_pipeline_DAG.py for tasks to queue
[2024-11-07T10:52:43.640+0000] {logging_mixin.py:190} INFO - [2024-11-07T10:52:43.640+0000] {dagbag.py:588} INFO - Filling up the DagBag from /opt/airflow/dags/HDFS_pipeline_DAG.py
[2024-11-07T10:52:43.787+0000] {processor.py:925} INFO - DAG(s) 'First_dag_03' retrieved from /opt/airflow/dags/HDFS_pipeline_DAG.py
[2024-11-07T10:52:44.195+0000] {logging_mixin.py:190} INFO - [2024-11-07T10:52:44.195+0000] {dag.py:3239} INFO - Sync 1 DAGs
[2024-11-07T10:52:44.223+0000] {logging_mixin.py:190} INFO - [2024-11-07T10:52:44.223+0000] {dag.py:4180} INFO - Setting next_dagrun for First_dag_03 to 2024-09-08 02:00:00+00:00, run_after=2024-09-08 02:01:00+00:00
[2024-11-07T10:52:45.213+0000] {processor.py:208} INFO - Processing /opt/airflow/dags/HDFS_pipeline_DAG.py took 1.608 seconds
[2024-11-07T10:53:16.381+0000] {processor.py:186} INFO - Started process (PID=67) to work on /opt/airflow/dags/HDFS_pipeline_DAG.py
[2024-11-07T10:53:16.383+0000] {processor.py:914} INFO - Processing file /opt/airflow/dags/HDFS_pipeline_DAG.py for tasks to queue
[2024-11-07T10:53:16.385+0000] {logging_mixin.py:190} INFO - [2024-11-07T10:53:16.385+0000] {dagbag.py:588} INFO - Filling up the DagBag from /opt/airflow/dags/HDFS_pipeline_DAG.py
[2024-11-07T10:53:16.494+0000] {processor.py:925} INFO - DAG(s) 'First_dag_03' retrieved from /opt/airflow/dags/HDFS_pipeline_DAG.py
[2024-11-07T10:53:16.526+0000] {logging_mixin.py:190} INFO - [2024-11-07T10:53:16.525+0000] {dag.py:3239} INFO - Sync 1 DAGs
[2024-11-07T10:53:16.556+0000] {logging_mixin.py:190} INFO - [2024-11-07T10:53:16.556+0000] {dag.py:4180} INFO - Setting next_dagrun for First_dag_03 to 2024-09-08 02:00:00+00:00, run_after=2024-09-08 02:01:00+00:00
[2024-11-07T10:53:16.765+0000] {processor.py:208} INFO - Processing /opt/airflow/dags/HDFS_pipeline_DAG.py took 0.389 seconds
[2024-11-07T10:53:47.259+0000] {processor.py:186} INFO - Started process (PID=68) to work on /opt/airflow/dags/HDFS_pipeline_DAG.py
[2024-11-07T10:53:47.261+0000] {processor.py:914} INFO - Processing file /opt/airflow/dags/HDFS_pipeline_DAG.py for tasks to queue
[2024-11-07T10:53:47.264+0000] {logging_mixin.py:190} INFO - [2024-11-07T10:53:47.263+0000] {dagbag.py:588} INFO - Filling up the DagBag from /opt/airflow/dags/HDFS_pipeline_DAG.py
[2024-11-07T10:53:47.397+0000] {processor.py:925} INFO - DAG(s) 'First_dag_03' retrieved from /opt/airflow/dags/HDFS_pipeline_DAG.py
[2024-11-07T10:53:47.428+0000] {logging_mixin.py:190} INFO - [2024-11-07T10:53:47.428+0000] {dag.py:3239} INFO - Sync 1 DAGs
[2024-11-07T10:53:47.462+0000] {logging_mixin.py:190} INFO - [2024-11-07T10:53:47.462+0000] {dag.py:4180} INFO - Setting next_dagrun for First_dag_03 to 2024-09-08 02:00:00+00:00, run_after=2024-09-08 02:01:00+00:00
[2024-11-07T10:53:48.305+0000] {processor.py:208} INFO - Processing /opt/airflow/dags/HDFS_pipeline_DAG.py took 1.052 seconds
